[ 2014-12-01T10:45:00+08:00 ] 0.0.0.0 /think/index.php/Login/checkVerify.html
INFO: [ app_begin ] --START--
INFO: ReadHtmlCache Behavior ::run [ RunTime:0.000582s ]
INFO: [ app_begin ] --END-- [ RunTime:0.000640s ]

[ 2014-12-01T15:20:33+08:00 ] 0.0.0.0 /think/index.php/Login/checkVerify.html
INFO: [ app_begin ] --START--
INFO: ReadHtmlCache Behavior ::run [ RunTime:0.000742s ]
INFO: [ app_begin ] --END-- [ RunTime:0.000798s ]

[ 2014-12-01T15:20:41+08:00 ] 0.0.0.0 /think/index.php/Login/checkVerify.html
INFO: [ app_begin ] --START--
INFO: ReadHtmlCache Behavior ::run [ RunTime:0.000870s ]
INFO: [ app_begin ] --END-- [ RunTime:0.000945s ]

[ 2014-12-01T15:51:00+08:00 ] 0.0.0.0 /think/index.php/Quiz/getTagsByCategoryId.html
INFO: [ app_begin ] --START--
INFO: ReadHtmlCache Behavior ::run [ RunTime:0.001181s ]
INFO: [ app_begin ] --END-- [ RunTime:0.001280s ]
NOTIC: [8192] mysql_connect(): The mysql extension is deprecated and will be removed in the future: use mysqli or PDO instead F:\xampp\htdocs\think\ThinkPHP\Lib\Driver\Db\DbMysql.class.php 第 55 行.
SQL: SHOW COLUMNS FROM `think_tags` [ RunTime:0.002689s ]
NOTIC: [8192] preg_replace(): The /e modifier is deprecated, use preg_replace_callback instead F:\xampp\htdocs\think\ThinkPHP\Lib\Core\Db.class.php 第 604 行.
SQL: SELECT * FROM `think_tags` WHERE ( `category_id` = 2 )  [ RunTime:0.000338s ]
NOTIC: [8] Array to string conversion F:\xampp\htdocs\think\home\Lib\Action\QuizAction.class.php 第 26 行.

[ 2014-12-01T15:51:44+08:00 ] 0.0.0.0 /think/index.php/Quiz/getTagsByCategoryId.html
INFO: [ app_begin ] --START--
INFO: ReadHtmlCache Behavior ::run [ RunTime:0.001397s ]
INFO: [ app_begin ] --END-- [ RunTime:0.001603s ]
NOTIC: [8192] mysql_connect(): The mysql extension is deprecated and will be removed in the future: use mysqli or PDO instead F:\xampp\htdocs\think\ThinkPHP\Lib\Driver\Db\DbMysql.class.php 第 55 行.
SQL: SHOW COLUMNS FROM `think_tags` [ RunTime:0.006935s ]
NOTIC: [8192] preg_replace(): The /e modifier is deprecated, use preg_replace_callback instead F:\xampp\htdocs\think\ThinkPHP\Lib\Core\Db.class.php 第 604 行.
SQL: SELECT * FROM `think_tags` WHERE ( `category_id` = 2 )  [ RunTime:0.000933s ]
NOTIC: [8] Array to string conversion F:\xampp\htdocs\think\home\Lib\Action\QuizAction.class.php 第 26 行.

[ 2014-12-01T15:53:03+08:00 ] 0.0.0.0 /think/index.php/Quiz/getTagsByCategoryId.html
INFO: [ app_begin ] --START--
INFO: ReadHtmlCache Behavior ::run [ RunTime:0.000880s ]
INFO: [ app_begin ] --END-- [ RunTime:0.000984s ]
NOTIC: [8192] mysql_connect(): The mysql extension is deprecated and will be removed in the future: use mysqli or PDO instead F:\xampp\htdocs\think\ThinkPHP\Lib\Driver\Db\DbMysql.class.php 第 55 行.
SQL: SHOW COLUMNS FROM `think_tags` [ RunTime:0.002964s ]
NOTIC: [8192] preg_replace(): The /e modifier is deprecated, use preg_replace_callback instead F:\xampp\htdocs\think\ThinkPHP\Lib\Core\Db.class.php 第 604 行.
SQL: SELECT * FROM `think_tags` WHERE ( `category_id` = 2 )  [ RunTime:0.000426s ]
NOTIC: [8] Array to string conversion F:\xampp\htdocs\think\home\Lib\Action\QuizAction.class.php 第 26 行.

[ 2014-12-01T15:53:35+08:00 ] 0.0.0.0 /think/index.php/Quiz/getTagsByCategoryId.html
INFO: [ app_begin ] --START--
INFO: ReadHtmlCache Behavior ::run [ RunTime:0.001235s ]
INFO: [ app_begin ] --END-- [ RunTime:0.001337s ]
NOTIC: [8192] mysql_connect(): The mysql extension is deprecated and will be removed in the future: use mysqli or PDO instead F:\xampp\htdocs\think\ThinkPHP\Lib\Driver\Db\DbMysql.class.php 第 55 行.
SQL: SHOW COLUMNS FROM `think_tags` [ RunTime:0.002523s ]
NOTIC: [8192] preg_replace(): The /e modifier is deprecated, use preg_replace_callback instead F:\xampp\htdocs\think\ThinkPHP\Lib\Core\Db.class.php 第 604 行.
SQL: SELECT * FROM `think_tags` WHERE ( `category_id` = 2 )  [ RunTime:0.000345s ]
NOTIC: [8] Array to string conversion F:\xampp\htdocs\think\home\Lib\Action\QuizAction.class.php 第 26 行.

[ 2014-12-01T15:54:04+08:00 ] 0.0.0.0 /think/index.php/Quiz/getTagsByCategoryId.html
INFO: [ app_begin ] --START--
INFO: ReadHtmlCache Behavior ::run [ RunTime:0.001140s ]
INFO: [ app_begin ] --END-- [ RunTime:0.001237s ]
NOTIC: [8192] mysql_connect(): The mysql extension is deprecated and will be removed in the future: use mysqli or PDO instead F:\xampp\htdocs\think\ThinkPHP\Lib\Driver\Db\DbMysql.class.php 第 55 行.
SQL: SHOW COLUMNS FROM `think_tags` [ RunTime:0.002445s ]
NOTIC: [8192] preg_replace(): The /e modifier is deprecated, use preg_replace_callback instead F:\xampp\htdocs\think\ThinkPHP\Lib\Core\Db.class.php 第 604 行.
SQL: SELECT * FROM `think_tags` WHERE ( `category_id` = 2 )  [ RunTime:0.000359s ]
NOTIC: [8] Array to string conversion F:\xampp\htdocs\think\home\Lib\Action\QuizAction.class.php 第 26 行.

[ 2014-12-01T15:54:37+08:00 ] 0.0.0.0 /think/index.php/Quiz/getTagsByCategoryId.html
INFO: [ app_begin ] --START--
INFO: ReadHtmlCache Behavior ::run [ RunTime:0.001248s ]
INFO: [ app_begin ] --END-- [ RunTime:0.001355s ]
NOTIC: [8192] mysql_connect(): The mysql extension is deprecated and will be removed in the future: use mysqli or PDO instead F:\xampp\htdocs\think\ThinkPHP\Lib\Driver\Db\DbMysql.class.php 第 55 行.
SQL: SHOW COLUMNS FROM `think_tags` [ RunTime:0.002357s ]
NOTIC: [8192] preg_replace(): The /e modifier is deprecated, use preg_replace_callback instead F:\xampp\htdocs\think\ThinkPHP\Lib\Core\Db.class.php 第 604 行.
SQL: SELECT * FROM `think_tags` WHERE ( `category_id` = 2 )  [ RunTime:0.000341s ]
NOTIC: [8] Array to string conversion F:\xampp\htdocs\think\home\Lib\Action\QuizAction.class.php 第 27 行.

[ 2014-12-01T15:55:12+08:00 ] 0.0.0.0 /think/index.php/Quiz/getTagsByCategoryId.html
INFO: [ app_begin ] --START--
INFO: ReadHtmlCache Behavior ::run [ RunTime:0.001082s ]
INFO: [ app_begin ] --END-- [ RunTime:0.001178s ]
NOTIC: [8192] mysql_connect(): The mysql extension is deprecated and will be removed in the future: use mysqli or PDO instead F:\xampp\htdocs\think\ThinkPHP\Lib\Driver\Db\DbMysql.class.php 第 55 行.
SQL: SHOW COLUMNS FROM `think_tags` [ RunTime:0.002479s ]
NOTIC: [8192] preg_replace(): The /e modifier is deprecated, use preg_replace_callback instead F:\xampp\htdocs\think\ThinkPHP\Lib\Core\Db.class.php 第 604 行.
SQL: SELECT * FROM `think_tags` WHERE ( `category_id` = 3 )  [ RunTime:0.000329s ]
NOTIC: [8] Array to string conversion F:\xampp\htdocs\think\home\Lib\Action\QuizAction.class.php 第 27 行.

[ 2014-12-01T15:56:10+08:00 ] 0.0.0.0 /think/index.php/Quiz/getTagsByCategoryId.html
INFO: [ app_begin ] --START--
INFO: ReadHtmlCache Behavior ::run [ RunTime:0.001135s ]
INFO: [ app_begin ] --END-- [ RunTime:0.001233s ]
NOTIC: [8192] mysql_connect(): The mysql extension is deprecated and will be removed in the future: use mysqli or PDO instead F:\xampp\htdocs\think\ThinkPHP\Lib\Driver\Db\DbMysql.class.php 第 55 行.
SQL: SHOW COLUMNS FROM `think_tags` [ RunTime:0.002391s ]
NOTIC: [8192] preg_replace(): The /e modifier is deprecated, use preg_replace_callback instead F:\xampp\htdocs\think\ThinkPHP\Lib\Core\Db.class.php 第 604 行.
SQL: SELECT * FROM `think_tags` WHERE ( `category_id` = 3 )  [ RunTime:0.000435s ]
NOTIC: [8] Array to string conversion F:\xampp\htdocs\think\home\Lib\Action\QuizAction.class.php 第 26 行.

[ 2014-12-01T15:56:14+08:00 ] 0.0.0.0 /think/index.php/Quiz/getTagsByCategoryId.html
INFO: [ app_begin ] --START--
INFO: ReadHtmlCache Behavior ::run [ RunTime:0.001125s ]
INFO: [ app_begin ] --END-- [ RunTime:0.001207s ]
NOTIC: [8192] mysql_connect(): The mysql extension is deprecated and will be removed in the future: use mysqli or PDO instead F:\xampp\htdocs\think\ThinkPHP\Lib\Driver\Db\DbMysql.class.php 第 55 行.
SQL: SHOW COLUMNS FROM `think_tags` [ RunTime:0.002389s ]
NOTIC: [8192] preg_replace(): The /e modifier is deprecated, use preg_replace_callback instead F:\xampp\htdocs\think\ThinkPHP\Lib\Core\Db.class.php 第 604 行.
SQL: SELECT * FROM `think_tags` WHERE ( `category_id` = 4 )  [ RunTime:0.000361s ]
NOTIC: [8] Array to string conversion F:\xampp\htdocs\think\home\Lib\Action\QuizAction.class.php 第 26 行.

[ 2014-12-01T15:56:17+08:00 ] 0.0.0.0 /think/index.php/Quiz/getTagsByCategoryId.html
INFO: [ app_begin ] --START--
INFO: ReadHtmlCache Behavior ::run [ RunTime:0.000997s ]
INFO: [ app_begin ] --END-- [ RunTime:0.001073s ]
NOTIC: [8192] mysql_connect(): The mysql extension is deprecated and will be removed in the future: use mysqli or PDO instead F:\xampp\htdocs\think\ThinkPHP\Lib\Driver\Db\DbMysql.class.php 第 55 行.
SQL: SHOW COLUMNS FROM `think_tags` [ RunTime:0.002487s ]
NOTIC: [8192] preg_replace(): The /e modifier is deprecated, use preg_replace_callback instead F:\xampp\htdocs\think\ThinkPHP\Lib\Core\Db.class.php 第 604 行.
SQL: SELECT * FROM `think_tags` WHERE ( `category_id` = 2 )  [ RunTime:0.000601s ]
NOTIC: [8] Array to string conversion F:\xampp\htdocs\think\home\Lib\Action\QuizAction.class.php 第 26 行.

[ 2014-12-01T15:56:56+08:00 ] 0.0.0.0 /think/index.php/Quiz/getTagsByCategoryId.html
INFO: [ app_begin ] --START--
INFO: ReadHtmlCache Behavior ::run [ RunTime:0.001372s ]
INFO: [ app_begin ] --END-- [ RunTime:0.001485s ]
NOTIC: [8192] mysql_connect(): The mysql extension is deprecated and will be removed in the future: use mysqli or PDO instead F:\xampp\htdocs\think\ThinkPHP\Lib\Driver\Db\DbMysql.class.php 第 55 行.
SQL: SHOW COLUMNS FROM `think_tags` [ RunTime:0.003089s ]
NOTIC: [8192] preg_replace(): The /e modifier is deprecated, use preg_replace_callback instead F:\xampp\htdocs\think\ThinkPHP\Lib\Core\Db.class.php 第 604 行.
SQL: SELECT * FROM `think_tags` WHERE ( `category_id` = 2 )  [ RunTime:0.000351s ]
NOTIC: [8] Array to string conversion F:\xampp\htdocs\think\home\Lib\Action\QuizAction.class.php 第 26 行.

[ 2014-12-01T15:57:39+08:00 ] 0.0.0.0 /think/index.php/Quiz/getTagsByCategoryId.html
INFO: [ app_begin ] --START--
INFO: ReadHtmlCache Behavior ::run [ RunTime:0.001298s ]
INFO: [ app_begin ] --END-- [ RunTime:0.001393s ]
NOTIC: [8192] mysql_connect(): The mysql extension is deprecated and will be removed in the future: use mysqli or PDO instead F:\xampp\htdocs\think\ThinkPHP\Lib\Driver\Db\DbMysql.class.php 第 55 行.
SQL: SHOW COLUMNS FROM `think_tags` [ RunTime:0.002363s ]
NOTIC: [8192] preg_replace(): The /e modifier is deprecated, use preg_replace_callback instead F:\xampp\htdocs\think\ThinkPHP\Lib\Core\Db.class.php 第 604 行.
SQL: SELECT * FROM `think_tags` WHERE ( `category_id` = 3 )  [ RunTime:0.000319s ]
NOTIC: [8] Array to string conversion F:\xampp\htdocs\think\home\Lib\Action\QuizAction.class.php 第 26 行.

[ 2014-12-01T15:59:00+08:00 ] 0.0.0.0 /think/index.php/Quiz/getTagsByCategoryId.html
INFO: [ app_begin ] --START--
INFO: ReadHtmlCache Behavior ::run [ RunTime:0.001041s ]
INFO: [ app_begin ] --END-- [ RunTime:0.001117s ]
NOTIC: [8192] mysql_connect(): The mysql extension is deprecated and will be removed in the future: use mysqli or PDO instead F:\xampp\htdocs\think\ThinkPHP\Lib\Driver\Db\DbMysql.class.php 第 55 行.
SQL: SHOW COLUMNS FROM `think_tags` [ RunTime:0.002823s ]
NOTIC: [8192] preg_replace(): The /e modifier is deprecated, use preg_replace_callback instead F:\xampp\htdocs\think\ThinkPHP\Lib\Core\Db.class.php 第 604 行.
SQL: SELECT * FROM `think_tags` WHERE ( `category_id` = 3 )  [ RunTime:0.000336s ]
NOTIC: [8] Array to string conversion F:\xampp\htdocs\think\home\Lib\Action\QuizAction.class.php 第 26 行.

[ 2014-12-01T15:59:42+08:00 ] 0.0.0.0 /think/index.php/Quiz/getTagsByCategoryId.html
INFO: [ app_begin ] --START--
INFO: ReadHtmlCache Behavior ::run [ RunTime:0.000802s ]
INFO: [ app_begin ] --END-- [ RunTime:0.000863s ]
NOTIC: [8192] mysql_connect(): The mysql extension is deprecated and will be removed in the future: use mysqli or PDO instead F:\xampp\htdocs\think\ThinkPHP\Lib\Driver\Db\DbMysql.class.php 第 55 行.
SQL: SHOW COLUMNS FROM `think_tags` [ RunTime:0.002953s ]
NOTIC: [8192] preg_replace(): The /e modifier is deprecated, use preg_replace_callback instead F:\xampp\htdocs\think\ThinkPHP\Lib\Core\Db.class.php 第 604 行.
SQL: SELECT * FROM `think_tags` WHERE ( `category_id` = 2 )  [ RunTime:0.000348s ]
NOTIC: [8] Array to string conversion F:\xampp\htdocs\think\home\Lib\Action\QuizAction.class.php 第 26 行.

[ 2014-12-01T16:00:16+08:00 ] 0.0.0.0 /think/index.php/Quiz/getTagsByCategoryId.html
INFO: [ app_begin ] --START--
INFO: ReadHtmlCache Behavior ::run [ RunTime:0.001311s ]
INFO: [ app_begin ] --END-- [ RunTime:0.001412s ]
NOTIC: [8192] mysql_connect(): The mysql extension is deprecated and will be removed in the future: use mysqli or PDO instead F:\xampp\htdocs\think\ThinkPHP\Lib\Driver\Db\DbMysql.class.php 第 55 行.
SQL: SHOW COLUMNS FROM `think_tags` [ RunTime:0.002612s ]
NOTIC: [8192] preg_replace(): The /e modifier is deprecated, use preg_replace_callback instead F:\xampp\htdocs\think\ThinkPHP\Lib\Core\Db.class.php 第 604 行.
SQL: SELECT * FROM `think_tags` WHERE ( `category_id` = 2 )  [ RunTime:0.000345s ]

[ 2014-12-01T16:03:58+08:00 ] 0.0.0.0 /think/index.php/Quiz/getTagsByCategoryId.html
INFO: [ app_begin ] --START--
INFO: ReadHtmlCache Behavior ::run [ RunTime:0.000771s ]
INFO: [ app_begin ] --END-- [ RunTime:0.000829s ]
NOTIC: [8192] mysql_connect(): The mysql extension is deprecated and will be removed in the future: use mysqli or PDO instead F:\xampp\htdocs\think\ThinkPHP\Lib\Driver\Db\DbMysql.class.php 第 55 行.
SQL: SHOW COLUMNS FROM `think_tags` [ RunTime:0.002856s ]
NOTIC: [8192] preg_replace(): The /e modifier is deprecated, use preg_replace_callback instead F:\xampp\htdocs\think\ThinkPHP\Lib\Core\Db.class.php 第 604 行.
SQL: SELECT * FROM `think_tags` WHERE ( `category_id` = 2 )  [ RunTime:0.000370s ]
NOTIC: [8] Array to string conversion F:\xampp\htdocs\think\home\Lib\Action\QuizAction.class.php 第 26 行.

[ 2014-12-01T16:07:49+08:00 ] 0.0.0.0 /think/index.php/Quiz/getTagsByCategoryId.html
INFO: [ app_begin ] --START--
INFO: ReadHtmlCache Behavior ::run [ RunTime:0.000704s ]
INFO: [ app_begin ] --END-- [ RunTime:0.000777s ]
NOTIC: [8192] mysql_connect(): The mysql extension is deprecated and will be removed in the future: use mysqli or PDO instead F:\xampp\htdocs\think\ThinkPHP\Lib\Driver\Db\DbMysql.class.php 第 55 行.
SQL: SHOW COLUMNS FROM `think_tags` [ RunTime:0.002835s ]
NOTIC: [8192] preg_replace(): The /e modifier is deprecated, use preg_replace_callback instead F:\xampp\htdocs\think\ThinkPHP\Lib\Core\Db.class.php 第 604 行.
SQL: SELECT * FROM `think_tags` WHERE ( `category_id` = 2 )  [ RunTime:0.000328s ]

[ 2014-12-01T16:09:12+08:00 ] 0.0.0.0 /think/index.php/Quiz/getTagsByCategoryId.html
INFO: [ app_begin ] --START--
INFO: ReadHtmlCache Behavior ::run [ RunTime:0.000801s ]
INFO: [ app_begin ] --END-- [ RunTime:0.000864s ]
NOTIC: [8192] mysql_connect(): The mysql extension is deprecated and will be removed in the future: use mysqli or PDO instead F:\xampp\htdocs\think\ThinkPHP\Lib\Driver\Db\DbMysql.class.php 第 55 行.
SQL: SHOW COLUMNS FROM `think_tags` [ RunTime:0.002401s ]
NOTIC: [8192] preg_replace(): The /e modifier is deprecated, use preg_replace_callback instead F:\xampp\htdocs\think\ThinkPHP\Lib\Core\Db.class.php 第 604 行.
SQL: SELECT * FROM `think_tags` WHERE ( `category_id` = 2 )  [ RunTime:0.000421s ]

[ 2014-12-01T16:10:03+08:00 ] 0.0.0.0 /think/index.php/Quiz/getTagsByCategoryId.html
INFO: [ app_begin ] --START--
INFO: ReadHtmlCache Behavior ::run [ RunTime:0.000719s ]
INFO: [ app_begin ] --END-- [ RunTime:0.000793s ]
NOTIC: [8192] mysql_connect(): The mysql extension is deprecated and will be removed in the future: use mysqli or PDO instead F:\xampp\htdocs\think\ThinkPHP\Lib\Driver\Db\DbMysql.class.php 第 55 行.
SQL: SHOW COLUMNS FROM `think_tags` [ RunTime:0.003242s ]
NOTIC: [8192] preg_replace(): The /e modifier is deprecated, use preg_replace_callback instead F:\xampp\htdocs\think\ThinkPHP\Lib\Core\Db.class.php 第 604 行.
SQL: SELECT * FROM `think_tags` WHERE ( `category_id` = 2 )  [ RunTime:0.000820s ]

[ 2014-12-01T16:10:25+08:00 ] 0.0.0.0 /think/index.php/Quiz/getTagsByCategoryId.html
INFO: [ app_begin ] --START--
INFO: ReadHtmlCache Behavior ::run [ RunTime:0.000982s ]
INFO: [ app_begin ] --END-- [ RunTime:0.001058s ]
NOTIC: [8192] mysql_connect(): The mysql extension is deprecated and will be removed in the future: use mysqli or PDO instead F:\xampp\htdocs\think\ThinkPHP\Lib\Driver\Db\DbMysql.class.php 第 55 行.
SQL: SHOW COLUMNS FROM `think_tags` [ RunTime:0.002496s ]
NOTIC: [8192] preg_replace(): The /e modifier is deprecated, use preg_replace_callback instead F:\xampp\htdocs\think\ThinkPHP\Lib\Core\Db.class.php 第 604 行.
SQL: SELECT * FROM `think_tags` WHERE ( `category_id` = 2 )  [ RunTime:0.000350s ]

[ 2014-12-01T16:14:05+08:00 ] 0.0.0.0 /think/index.php/Quiz/getTagsByCategoryId.html
INFO: [ app_begin ] --START--
INFO: ReadHtmlCache Behavior ::run [ RunTime:0.001213s ]
INFO: [ app_begin ] --END-- [ RunTime:0.001304s ]
NOTIC: [8192] mysql_connect(): The mysql extension is deprecated and will be removed in the future: use mysqli or PDO instead F:\xampp\htdocs\think\ThinkPHP\Lib\Driver\Db\DbMysql.class.php 第 55 行.
SQL: SHOW COLUMNS FROM `think_tags` [ RunTime:0.003106s ]
NOTIC: [8192] preg_replace(): The /e modifier is deprecated, use preg_replace_callback instead F:\xampp\htdocs\think\ThinkPHP\Lib\Core\Db.class.php 第 604 行.
SQL: SELECT * FROM `think_tags` WHERE ( `category_id` = 2 )  [ RunTime:0.000424s ]

[ 2014-12-01T16:14:29+08:00 ] 0.0.0.0 /think/index.php/Quiz/getTagsByCategoryId.html
INFO: [ app_begin ] --START--
INFO: ReadHtmlCache Behavior ::run [ RunTime:0.000995s ]
INFO: [ app_begin ] --END-- [ RunTime:0.001071s ]
NOTIC: [8192] mysql_connect(): The mysql extension is deprecated and will be removed in the future: use mysqli or PDO instead F:\xampp\htdocs\think\ThinkPHP\Lib\Driver\Db\DbMysql.class.php 第 55 行.
SQL: SHOW COLUMNS FROM `think_tags` [ RunTime:0.002399s ]
NOTIC: [8192] preg_replace(): The /e modifier is deprecated, use preg_replace_callback instead F:\xampp\htdocs\think\ThinkPHP\Lib\Core\Db.class.php 第 604 行.
SQL: SELECT * FROM `think_tags` WHERE ( `category_id` = 2 )  [ RunTime:0.000343s ]

[ 2014-12-01T16:15:21+08:00 ] 0.0.0.0 /think/index.php/Quiz/getTagsByCategoryId.html
INFO: [ app_begin ] --START--
INFO: ReadHtmlCache Behavior ::run [ RunTime:0.000734s ]
INFO: [ app_begin ] --END-- [ RunTime:0.000809s ]
NOTIC: [8192] mysql_connect(): The mysql extension is deprecated and will be removed in the future: use mysqli or PDO instead F:\xampp\htdocs\think\ThinkPHP\Lib\Driver\Db\DbMysql.class.php 第 55 行.
SQL: SHOW COLUMNS FROM `think_tags` [ RunTime:0.003463s ]
NOTIC: [8192] preg_replace(): The /e modifier is deprecated, use preg_replace_callback instead F:\xampp\htdocs\think\ThinkPHP\Lib\Core\Db.class.php 第 604 行.
SQL: SELECT * FROM `think_tags` WHERE ( `category_id` = 2 )  [ RunTime:0.000412s ]

[ 2014-12-01T16:15:24+08:00 ] 0.0.0.0 /think/index.php/Quiz/getTagsByCategoryId.html
INFO: [ app_begin ] --START--
INFO: ReadHtmlCache Behavior ::run [ RunTime:0.000597s ]
INFO: [ app_begin ] --END-- [ RunTime:0.000671s ]
NOTIC: [8192] mysql_connect(): The mysql extension is deprecated and will be removed in the future: use mysqli or PDO instead F:\xampp\htdocs\think\ThinkPHP\Lib\Driver\Db\DbMysql.class.php 第 55 行.
SQL: SHOW COLUMNS FROM `think_tags` [ RunTime:0.002491s ]
NOTIC: [8192] preg_replace(): The /e modifier is deprecated, use preg_replace_callback instead F:\xampp\htdocs\think\ThinkPHP\Lib\Core\Db.class.php 第 604 行.
SQL: SELECT * FROM `think_tags` WHERE ( `category_id` = 1 )  [ RunTime:0.000351s ]

[ 2014-12-01T16:18:58+08:00 ] 0.0.0.0 /think/index.php/Quiz/getTagsByCategoryId.html
INFO: [ app_begin ] --START--
INFO: ReadHtmlCache Behavior ::run [ RunTime:0.001344s ]
INFO: [ app_begin ] --END-- [ RunTime:0.001602s ]
NOTIC: [8192] mysql_connect(): The mysql extension is deprecated and will be removed in the future: use mysqli or PDO instead F:\xampp\htdocs\think\ThinkPHP\Lib\Driver\Db\DbMysql.class.php 第 55 行.
SQL: SHOW COLUMNS FROM `think_tags` [ RunTime:0.002722s ]
NOTIC: [8192] preg_replace(): The /e modifier is deprecated, use preg_replace_callback instead F:\xampp\htdocs\think\ThinkPHP\Lib\Core\Db.class.php 第 604 行.
SQL: SELECT * FROM `think_tags` WHERE ( `category_id` = 2 )  [ RunTime:0.000359s ]

[ 2014-12-01T16:19:23+08:00 ] 0.0.0.0 /think/index.php/Quiz/getTagsByCategoryId.html
INFO: [ app_begin ] --START--
INFO: ReadHtmlCache Behavior ::run [ RunTime:0.000651s ]
INFO: [ app_begin ] --END-- [ RunTime:0.000726s ]
NOTIC: [8192] mysql_connect(): The mysql extension is deprecated and will be removed in the future: use mysqli or PDO instead F:\xampp\htdocs\think\ThinkPHP\Lib\Driver\Db\DbMysql.class.php 第 55 行.
SQL: SHOW COLUMNS FROM `think_tags` [ RunTime:0.002806s ]
NOTIC: [8192] preg_replace(): The /e modifier is deprecated, use preg_replace_callback instead F:\xampp\htdocs\think\ThinkPHP\Lib\Core\Db.class.php 第 604 行.
SQL: SELECT * FROM `think_tags` WHERE ( `category_id` = 4 )  [ RunTime:0.000394s ]

[ 2014-12-01T16:20:22+08:00 ] 0.0.0.0 /think/index.php/Quiz/getTagsByCategoryId.html
INFO: [ app_begin ] --START--
INFO: ReadHtmlCache Behavior ::run [ RunTime:0.000659s ]
INFO: [ app_begin ] --END-- [ RunTime:0.000738s ]
NOTIC: [8192] mysql_connect(): The mysql extension is deprecated and will be removed in the future: use mysqli or PDO instead F:\xampp\htdocs\think\ThinkPHP\Lib\Driver\Db\DbMysql.class.php 第 55 行.
SQL: SHOW COLUMNS FROM `think_tags` [ RunTime:0.002786s ]
NOTIC: [8192] preg_replace(): The /e modifier is deprecated, use preg_replace_callback instead F:\xampp\htdocs\think\ThinkPHP\Lib\Core\Db.class.php 第 604 行.
SQL: SELECT * FROM `think_tags` WHERE ( `category_id` = 1 )  [ RunTime:0.000411s ]

[ 2014-12-01T16:21:04+08:00 ] 0.0.0.0 /think/index.php/Quiz/getTagsByCategoryId.html
INFO: [ app_begin ] --START--
INFO: ReadHtmlCache Behavior ::run [ RunTime:0.000836s ]
INFO: [ app_begin ] --END-- [ RunTime:0.000930s ]
NOTIC: [8192] mysql_connect(): The mysql extension is deprecated and will be removed in the future: use mysqli or PDO instead F:\xampp\htdocs\think\ThinkPHP\Lib\Driver\Db\DbMysql.class.php 第 55 行.
SQL: SHOW COLUMNS FROM `think_tags` [ RunTime:0.002462s ]
NOTIC: [8192] preg_replace(): The /e modifier is deprecated, use preg_replace_callback instead F:\xampp\htdocs\think\ThinkPHP\Lib\Core\Db.class.php 第 604 行.
SQL: SELECT * FROM `think_tags` WHERE ( `category_id` = 2 )  [ RunTime:0.000412s ]

[ 2014-12-01T16:21:49+08:00 ] 0.0.0.0 /think/index.php/Quiz/getTagsByCategoryId.html
INFO: [ app_begin ] --START--
INFO: ReadHtmlCache Behavior ::run [ RunTime:0.001378s ]
INFO: [ app_begin ] --END-- [ RunTime:0.001489s ]
NOTIC: [8192] mysql_connect(): The mysql extension is deprecated and will be removed in the future: use mysqli or PDO instead F:\xampp\htdocs\think\ThinkPHP\Lib\Driver\Db\DbMysql.class.php 第 55 行.
SQL: SHOW COLUMNS FROM `think_tags` [ RunTime:0.002567s ]
NOTIC: [8192] preg_replace(): The /e modifier is deprecated, use preg_replace_callback instead F:\xampp\htdocs\think\ThinkPHP\Lib\Core\Db.class.php 第 604 行.
SQL: SELECT * FROM `think_tags` WHERE ( `category_id` = 2 )  [ RunTime:0.000400s ]

[ 2014-12-01T16:25:16+08:00 ] 0.0.0.0 /think/index.php/Quiz/getTagsByCategoryId.html
INFO: [ app_begin ] --START--
INFO: ReadHtmlCache Behavior ::run [ RunTime:0.000561s ]
INFO: [ app_begin ] --END-- [ RunTime:0.000619s ]
NOTIC: [8192] mysql_connect(): The mysql extension is deprecated and will be removed in the future: use mysqli or PDO instead F:\xampp\htdocs\think\ThinkPHP\Lib\Driver\Db\DbMysql.class.php 第 55 行.
SQL: SHOW COLUMNS FROM `think_tags` [ RunTime:0.002668s ]
NOTIC: [8192] preg_replace(): The /e modifier is deprecated, use preg_replace_callback instead F:\xampp\htdocs\think\ThinkPHP\Lib\Core\Db.class.php 第 604 行.
SQL: SELECT * FROM `think_tags` WHERE ( `category_id` = 2 )  [ RunTime:0.000333s ]

[ 2014-12-01T16:26:37+08:00 ] 0.0.0.0 /think/index.php/Quiz/getTagsByCategoryId.html
INFO: [ app_begin ] --START--
INFO: ReadHtmlCache Behavior ::run [ RunTime:0.001015s ]
INFO: [ app_begin ] --END-- [ RunTime:0.001092s ]
NOTIC: [8192] mysql_connect(): The mysql extension is deprecated and will be removed in the future: use mysqli or PDO instead F:\xampp\htdocs\think\ThinkPHP\Lib\Driver\Db\DbMysql.class.php 第 55 行.
SQL: SHOW COLUMNS FROM `think_tags` [ RunTime:0.002678s ]
NOTIC: [8192] preg_replace(): The /e modifier is deprecated, use preg_replace_callback instead F:\xampp\htdocs\think\ThinkPHP\Lib\Core\Db.class.php 第 604 行.
SQL: SELECT * FROM `think_tags` WHERE ( `category_id` = 2 )  [ RunTime:0.000331s ]

[ 2014-12-01T16:26:38+08:00 ] 0.0.0.0 /think/index.php/Quiz/getTagsByCategoryId.html
INFO: [ app_begin ] --START--
INFO: ReadHtmlCache Behavior ::run [ RunTime:0.000890s ]
INFO: [ app_begin ] --END-- [ RunTime:0.000966s ]
NOTIC: [8192] mysql_connect(): The mysql extension is deprecated and will be removed in the future: use mysqli or PDO instead F:\xampp\htdocs\think\ThinkPHP\Lib\Driver\Db\DbMysql.class.php 第 55 行.
SQL: SHOW COLUMNS FROM `think_tags` [ RunTime:0.003189s ]
NOTIC: [8192] preg_replace(): The /e modifier is deprecated, use preg_replace_callback instead F:\xampp\htdocs\think\ThinkPHP\Lib\Core\Db.class.php 第 604 行.
SQL: SELECT * FROM `think_tags` WHERE ( `category_id` = 4 )  [ RunTime:0.000384s ]

[ 2014-12-01T16:31:38+08:00 ] 0.0.0.0 /think/index.php/Quiz/getTagsByCategoryId.html
INFO: [ app_begin ] --START--
INFO: ReadHtmlCache Behavior ::run [ RunTime:0.001268s ]
INFO: [ app_begin ] --END-- [ RunTime:0.001410s ]
NOTIC: [8192] mysql_connect(): The mysql extension is deprecated and will be removed in the future: use mysqli or PDO instead F:\xampp\htdocs\think\ThinkPHP\Lib\Driver\Db\DbMysql.class.php 第 55 行.
SQL: SHOW COLUMNS FROM `think_tags` [ RunTime:0.002308s ]
NOTIC: [8192] preg_replace(): The /e modifier is deprecated, use preg_replace_callback instead F:\xampp\htdocs\think\ThinkPHP\Lib\Core\Db.class.php 第 604 行.
SQL: SELECT * FROM `think_tags` WHERE ( `category_id` = 2 )  [ RunTime:0.000328s ]

[ 2014-12-01T16:32:36+08:00 ] 0.0.0.0 /think/index.php/Quiz/getTagsByCategoryId.html
INFO: [ app_begin ] --START--
INFO: ReadHtmlCache Behavior ::run [ RunTime:0.000897s ]
INFO: [ app_begin ] --END-- [ RunTime:0.000969s ]
NOTIC: [8192] mysql_connect(): The mysql extension is deprecated and will be removed in the future: use mysqli or PDO instead F:\xampp\htdocs\think\ThinkPHP\Lib\Driver\Db\DbMysql.class.php 第 55 行.
SQL: SHOW COLUMNS FROM `think_tags` [ RunTime:0.002755s ]
NOTIC: [8192] preg_replace(): The /e modifier is deprecated, use preg_replace_callback instead F:\xampp\htdocs\think\ThinkPHP\Lib\Core\Db.class.php 第 604 行.
SQL: SELECT * FROM `think_tags` WHERE ( `category_id` = 2 )  [ RunTime:0.000336s ]

[ 2014-12-01T16:32:54+08:00 ] 0.0.0.0 /think/index.php/Quiz/getTagsByCategoryId.html
INFO: [ app_begin ] --START--
INFO: ReadHtmlCache Behavior ::run [ RunTime:0.000987s ]
INFO: [ app_begin ] --END-- [ RunTime:0.001053s ]
NOTIC: [8192] mysql_connect(): The mysql extension is deprecated and will be removed in the future: use mysqli or PDO instead F:\xampp\htdocs\think\ThinkPHP\Lib\Driver\Db\DbMysql.class.php 第 55 行.
SQL: SHOW COLUMNS FROM `think_tags` [ RunTime:0.002615s ]
NOTIC: [8192] preg_replace(): The /e modifier is deprecated, use preg_replace_callback instead F:\xampp\htdocs\think\ThinkPHP\Lib\Core\Db.class.php 第 604 行.
SQL: SELECT * FROM `think_tags` WHERE ( `category_id` = 2 )  [ RunTime:0.000347s ]

[ 2014-12-01T16:37:59+08:00 ] 0.0.0.0 /think/index.php/Quiz/getTagsByCategoryId.html
INFO: [ app_begin ] --START--
INFO: ReadHtmlCache Behavior ::run [ RunTime:0.001242s ]
INFO: [ app_begin ] --END-- [ RunTime:0.001363s ]
NOTIC: [8192] mysql_connect(): The mysql extension is deprecated and will be removed in the future: use mysqli or PDO instead F:\xampp\htdocs\think\ThinkPHP\Lib\Driver\Db\DbMysql.class.php 第 55 行.
SQL: SHOW COLUMNS FROM `think_tags` [ RunTime:0.002558s ]
NOTIC: [8192] preg_replace(): The /e modifier is deprecated, use preg_replace_callback instead F:\xampp\htdocs\think\ThinkPHP\Lib\Core\Db.class.php 第 604 行.
SQL: SELECT * FROM `think_tags` WHERE ( `category_id` = 3 )  [ RunTime:0.000319s ]

[ 2014-12-01T16:38:43+08:00 ] 0.0.0.0 /think/index.php/Quiz/getTagsByCategoryId.html
INFO: [ app_begin ] --START--
INFO: ReadHtmlCache Behavior ::run [ RunTime:0.000864s ]
INFO: [ app_begin ] --END-- [ RunTime:0.000966s ]
NOTIC: [8192] mysql_connect(): The mysql extension is deprecated and will be removed in the future: use mysqli or PDO instead F:\xampp\htdocs\think\ThinkPHP\Lib\Driver\Db\DbMysql.class.php 第 55 行.
SQL: SHOW COLUMNS FROM `think_tags` [ RunTime:0.003325s ]
NOTIC: [8192] preg_replace(): The /e modifier is deprecated, use preg_replace_callback instead F:\xampp\htdocs\think\ThinkPHP\Lib\Core\Db.class.php 第 604 行.
SQL: SELECT * FROM `think_tags` WHERE ( `category_id` = 2 )  [ RunTime:0.000479s ]

[ 2014-12-01T16:40:05+08:00 ] 0.0.0.0 /think/index.php/Quiz/getTagsByCategoryId.html
INFO: [ app_begin ] --START--
INFO: ReadHtmlCache Behavior ::run [ RunTime:0.000789s ]
INFO: [ app_begin ] --END-- [ RunTime:0.000851s ]
NOTIC: [8192] mysql_connect(): The mysql extension is deprecated and will be removed in the future: use mysqli or PDO instead F:\xampp\htdocs\think\ThinkPHP\Lib\Driver\Db\DbMysql.class.php 第 55 行.
SQL: SHOW COLUMNS FROM `think_tags` [ RunTime:0.003381s ]
NOTIC: [8192] preg_replace(): The /e modifier is deprecated, use preg_replace_callback instead F:\xampp\htdocs\think\ThinkPHP\Lib\Core\Db.class.php 第 604 行.
SQL: SELECT * FROM `think_tags` WHERE ( `category_id` = 2 )  [ RunTime:0.000433s ]

[ 2014-12-01T16:44:34+08:00 ] 0.0.0.0 /think/index.php/Quiz/getTagsByCategoryId.html
INFO: [ app_begin ] --START--
INFO: ReadHtmlCache Behavior ::run [ RunTime:0.001145s ]
INFO: [ app_begin ] --END-- [ RunTime:0.001232s ]
NOTIC: [8192] mysql_connect(): The mysql extension is deprecated and will be removed in the future: use mysqli or PDO instead F:\xampp\htdocs\think\ThinkPHP\Lib\Driver\Db\DbMysql.class.php 第 55 行.
SQL: SHOW COLUMNS FROM `think_tags` [ RunTime:0.002892s ]
NOTIC: [8192] preg_replace(): The /e modifier is deprecated, use preg_replace_callback instead F:\xampp\htdocs\think\ThinkPHP\Lib\Core\Db.class.php 第 604 行.
SQL: SELECT * FROM `think_tags` WHERE ( `category_id` = 3 )  [ RunTime:0.000376s ]

[ 2014-12-01T16:44:45+08:00 ] 0.0.0.0 /think/index.php/Quiz/getTagsByCategoryId.html
INFO: [ app_begin ] --START--
INFO: ReadHtmlCache Behavior ::run [ RunTime:0.000781s ]
INFO: [ app_begin ] --END-- [ RunTime:0.000840s ]
NOTIC: [8192] mysql_connect(): The mysql extension is deprecated and will be removed in the future: use mysqli or PDO instead F:\xampp\htdocs\think\ThinkPHP\Lib\Driver\Db\DbMysql.class.php 第 55 行.
SQL: SHOW COLUMNS FROM `think_tags` [ RunTime:0.002554s ]
NOTIC: [8192] preg_replace(): The /e modifier is deprecated, use preg_replace_callback instead F:\xampp\htdocs\think\ThinkPHP\Lib\Core\Db.class.php 第 604 行.
SQL: SELECT * FROM `think_tags` WHERE ( `category_id` = 2 )  [ RunTime:0.000339s ]

[ 2014-12-01T16:45:01+08:00 ] 0.0.0.0 /think/index.php/Quiz/getTagsByCategoryId.html
INFO: [ app_begin ] --START--
INFO: ReadHtmlCache Behavior ::run [ RunTime:0.001719s ]
INFO: [ app_begin ] --END-- [ RunTime:0.001845s ]
NOTIC: [8192] mysql_connect(): The mysql extension is deprecated and will be removed in the future: use mysqli or PDO instead F:\xampp\htdocs\think\ThinkPHP\Lib\Driver\Db\DbMysql.class.php 第 55 行.
SQL: SHOW COLUMNS FROM `think_tags` [ RunTime:0.002948s ]
NOTIC: [8192] preg_replace(): The /e modifier is deprecated, use preg_replace_callback instead F:\xampp\htdocs\think\ThinkPHP\Lib\Core\Db.class.php 第 604 行.
SQL: SELECT * FROM `think_tags` WHERE ( `category_id` = 3 )  [ RunTime:0.000434s ]

[ 2014-12-01T16:49:40+08:00 ] 0.0.0.0 /think/index.php/Quiz/getTagsByCategoryId.html
INFO: [ app_begin ] --START--
INFO: ReadHtmlCache Behavior ::run [ RunTime:0.000452s ]
INFO: [ app_begin ] --END-- [ RunTime:0.000507s ]
NOTIC: [8192] mysql_connect(): The mysql extension is deprecated and will be removed in the future: use mysqli or PDO instead F:\xampp\htdocs\think\ThinkPHP\Lib\Driver\Db\DbMysql.class.php 第 55 行.
SQL: SHOW COLUMNS FROM `think_tags` [ RunTime:0.003615s ]
NOTIC: [8192] preg_replace(): The /e modifier is deprecated, use preg_replace_callback instead F:\xampp\htdocs\think\ThinkPHP\Lib\Core\Db.class.php 第 604 行.
SQL: SELECT * FROM `think_tags` WHERE ( `category_id` = 2 )  [ RunTime:0.000486s ]

[ 2014-12-01T16:52:12+08:00 ] 0.0.0.0 /think/index.php/Quiz/getTagsByCategoryId.html
INFO: [ app_begin ] --START--
INFO: ReadHtmlCache Behavior ::run [ RunTime:0.000551s ]
INFO: [ app_begin ] --END-- [ RunTime:0.000614s ]
NOTIC: [8192] mysql_connect(): The mysql extension is deprecated and will be removed in the future: use mysqli or PDO instead F:\xampp\htdocs\think\ThinkPHP\Lib\Driver\Db\DbMysql.class.php 第 55 行.
SQL: SHOW COLUMNS FROM `think_tags` [ RunTime:0.002531s ]
NOTIC: [8192] preg_replace(): The /e modifier is deprecated, use preg_replace_callback instead F:\xampp\htdocs\think\ThinkPHP\Lib\Core\Db.class.php 第 604 行.
SQL: SELECT * FROM `think_tags` WHERE ( `category_id` = 2 )  [ RunTime:0.000438s ]

[ 2014-12-01T16:52:51+08:00 ] 0.0.0.0 /think/index.php/Quiz/getTagsByCategoryId.html
INFO: [ app_begin ] --START--
INFO: ReadHtmlCache Behavior ::run [ RunTime:0.001197s ]
INFO: [ app_begin ] --END-- [ RunTime:0.001315s ]
NOTIC: [8192] mysql_connect(): The mysql extension is deprecated and will be removed in the future: use mysqli or PDO instead F:\xampp\htdocs\think\ThinkPHP\Lib\Driver\Db\DbMysql.class.php 第 55 行.
SQL: SHOW COLUMNS FROM `think_tags` [ RunTime:0.002701s ]
NOTIC: [8192] preg_replace(): The /e modifier is deprecated, use preg_replace_callback instead F:\xampp\htdocs\think\ThinkPHP\Lib\Core\Db.class.php 第 604 行.
SQL: SELECT * FROM `think_tags` WHERE ( `category_id` = 1 )  [ RunTime:0.000433s ]

[ 2014-12-01T16:53:23+08:00 ] 0.0.0.0 /think/index.php/Quiz/getTagsByCategoryId.html
INFO: [ app_begin ] --START--
INFO: ReadHtmlCache Behavior ::run [ RunTime:0.000502s ]
INFO: [ app_begin ] --END-- [ RunTime:0.000561s ]
NOTIC: [8192] mysql_connect(): The mysql extension is deprecated and will be removed in the future: use mysqli or PDO instead F:\xampp\htdocs\think\ThinkPHP\Lib\Driver\Db\DbMysql.class.php 第 55 行.
SQL: SHOW COLUMNS FROM `think_tags` [ RunTime:0.002579s ]
NOTIC: [8192] preg_replace(): The /e modifier is deprecated, use preg_replace_callback instead F:\xampp\htdocs\think\ThinkPHP\Lib\Core\Db.class.php 第 604 行.
SQL: SELECT * FROM `think_tags` WHERE ( `category_id` = 1 )  [ RunTime:0.000334s ]

[ 2014-12-01T16:53:26+08:00 ] 0.0.0.0 /think/index.php/Quiz/getTagsByCategoryId.html
INFO: [ app_begin ] --START--
INFO: ReadHtmlCache Behavior ::run [ RunTime:0.000903s ]
INFO: [ app_begin ] --END-- [ RunTime:0.001003s ]
NOTIC: [8192] mysql_connect(): The mysql extension is deprecated and will be removed in the future: use mysqli or PDO instead F:\xampp\htdocs\think\ThinkPHP\Lib\Driver\Db\DbMysql.class.php 第 55 行.
SQL: SHOW COLUMNS FROM `think_tags` [ RunTime:0.002852s ]
NOTIC: [8192] preg_replace(): The /e modifier is deprecated, use preg_replace_callback instead F:\xampp\htdocs\think\ThinkPHP\Lib\Core\Db.class.php 第 604 行.
SQL: SELECT * FROM `think_tags` WHERE ( `category_id` = -1 )  [ RunTime:0.060419s ]

[ 2014-12-01T16:53:42+08:00 ] 0.0.0.0 /think/index.php/Quiz/getTagsByCategoryId.html
INFO: [ app_begin ] --START--
INFO: ReadHtmlCache Behavior ::run [ RunTime:0.000731s ]
INFO: [ app_begin ] --END-- [ RunTime:0.000819s ]
NOTIC: [8192] mysql_connect(): The mysql extension is deprecated and will be removed in the future: use mysqli or PDO instead F:\xampp\htdocs\think\ThinkPHP\Lib\Driver\Db\DbMysql.class.php 第 55 行.
SQL: SHOW COLUMNS FROM `think_tags` [ RunTime:0.002555s ]
NOTIC: [8192] preg_replace(): The /e modifier is deprecated, use preg_replace_callback instead F:\xampp\htdocs\think\ThinkPHP\Lib\Core\Db.class.php 第 604 行.
SQL: SELECT * FROM `think_tags` WHERE ( `category_id` = 1 )  [ RunTime:0.000381s ]

[ 2014-12-01T16:53:46+08:00 ] 0.0.0.0 /think/index.php/Quiz/getTagsByCategoryId.html
INFO: [ app_begin ] --START--
INFO: ReadHtmlCache Behavior ::run [ RunTime:0.000720s ]
INFO: [ app_begin ] --END-- [ RunTime:0.000802s ]
NOTIC: [8192] mysql_connect(): The mysql extension is deprecated and will be removed in the future: use mysqli or PDO instead F:\xampp\htdocs\think\ThinkPHP\Lib\Driver\Db\DbMysql.class.php 第 55 行.
SQL: SHOW COLUMNS FROM `think_tags` [ RunTime:0.002757s ]
NOTIC: [8192] preg_replace(): The /e modifier is deprecated, use preg_replace_callback instead F:\xampp\htdocs\think\ThinkPHP\Lib\Core\Db.class.php 第 604 行.
SQL: SELECT * FROM `think_tags` WHERE ( `category_id` = 2 )  [ RunTime:0.000404s ]

[ 2014-12-01T16:54:43+08:00 ] 0.0.0.0 /think/index.php/Quiz/getTagsByCategoryId.html
INFO: [ app_begin ] --START--
INFO: ReadHtmlCache Behavior ::run [ RunTime:0.001198s ]
INFO: [ app_begin ] --END-- [ RunTime:0.001328s ]
NOTIC: [8192] mysql_connect(): The mysql extension is deprecated and will be removed in the future: use mysqli or PDO instead F:\xampp\htdocs\think\ThinkPHP\Lib\Driver\Db\DbMysql.class.php 第 55 行.
SQL: SHOW COLUMNS FROM `think_tags` [ RunTime:0.002557s ]
NOTIC: [8192] preg_replace(): The /e modifier is deprecated, use preg_replace_callback instead F:\xampp\htdocs\think\ThinkPHP\Lib\Core\Db.class.php 第 604 行.
SQL: SELECT * FROM `think_tags` WHERE ( `category_id` = 2 )  [ RunTime:0.000330s ]

[ 2014-12-01T16:54:46+08:00 ] 0.0.0.0 /think/index.php/Quiz/getTagsByCategoryId.html
INFO: [ app_begin ] --START--
INFO: ReadHtmlCache Behavior ::run [ RunTime:0.001114s ]
INFO: [ app_begin ] --END-- [ RunTime:0.001210s ]
NOTIC: [8192] mysql_connect(): The mysql extension is deprecated and will be removed in the future: use mysqli or PDO instead F:\xampp\htdocs\think\ThinkPHP\Lib\Driver\Db\DbMysql.class.php 第 55 行.
SQL: SHOW COLUMNS FROM `think_tags` [ RunTime:0.002374s ]
NOTIC: [8192] preg_replace(): The /e modifier is deprecated, use preg_replace_callback instead F:\xampp\htdocs\think\ThinkPHP\Lib\Core\Db.class.php 第 604 行.
SQL: SELECT * FROM `think_tags` WHERE ( `category_id` = 3 )  [ RunTime:0.000378s ]

[ 2014-12-01T16:54:48+08:00 ] 0.0.0.0 /think/index.php/Quiz/getTagsByCategoryId.html
INFO: [ app_begin ] --START--
INFO: ReadHtmlCache Behavior ::run [ RunTime:0.000788s ]
INFO: [ app_begin ] --END-- [ RunTime:0.000849s ]
NOTIC: [8192] mysql_connect(): The mysql extension is deprecated and will be removed in the future: use mysqli or PDO instead F:\xampp\htdocs\think\ThinkPHP\Lib\Driver\Db\DbMysql.class.php 第 55 行.
SQL: SHOW COLUMNS FROM `think_tags` [ RunTime:0.002428s ]
NOTIC: [8192] preg_replace(): The /e modifier is deprecated, use preg_replace_callback instead F:\xampp\htdocs\think\ThinkPHP\Lib\Core\Db.class.php 第 604 行.
SQL: SELECT * FROM `think_tags` WHERE ( `category_id` = 2 )  [ RunTime:0.000326s ]

[ 2014-12-01T16:58:01+08:00 ] 0.0.0.0 /think/index.php/Quiz/getTagsByCategoryId.html
INFO: [ app_begin ] --START--
INFO: ReadHtmlCache Behavior ::run [ RunTime:0.001147s ]
INFO: [ app_begin ] --END-- [ RunTime:0.001241s ]
NOTIC: [8192] mysql_connect(): The mysql extension is deprecated and will be removed in the future: use mysqli or PDO instead F:\xampp\htdocs\think\ThinkPHP\Lib\Driver\Db\DbMysql.class.php 第 55 行.
SQL: SHOW COLUMNS FROM `think_tags` [ RunTime:0.002671s ]
NOTIC: [8192] preg_replace(): The /e modifier is deprecated, use preg_replace_callback instead F:\xampp\htdocs\think\ThinkPHP\Lib\Core\Db.class.php 第 604 行.
SQL: SELECT * FROM `think_tags` WHERE ( `category_id` = 1 )  [ RunTime:0.000358s ]

[ 2014-12-01T16:58:04+08:00 ] 0.0.0.0 /think/index.php/Quiz/getTagsByCategoryId.html
INFO: [ app_begin ] --START--
INFO: ReadHtmlCache Behavior ::run [ RunTime:0.001890s ]
INFO: [ app_begin ] --END-- [ RunTime:0.002017s ]
NOTIC: [8192] mysql_connect(): The mysql extension is deprecated and will be removed in the future: use mysqli or PDO instead F:\xampp\htdocs\think\ThinkPHP\Lib\Driver\Db\DbMysql.class.php 第 55 行.
SQL: SHOW COLUMNS FROM `think_tags` [ RunTime:0.002797s ]
NOTIC: [8192] preg_replace(): The /e modifier is deprecated, use preg_replace_callback instead F:\xampp\htdocs\think\ThinkPHP\Lib\Core\Db.class.php 第 604 行.
SQL: SELECT * FROM `think_tags` WHERE ( `category_id` = 2 )  [ RunTime:0.000469s ]

[ 2014-12-01T16:58:07+08:00 ] 0.0.0.0 /think/index.php/Quiz/getTagsByCategoryId.html
INFO: [ app_begin ] --START--
INFO: ReadHtmlCache Behavior ::run [ RunTime:0.000879s ]
INFO: [ app_begin ] --END-- [ RunTime:0.000950s ]
NOTIC: [8192] mysql_connect(): The mysql extension is deprecated and will be removed in the future: use mysqli or PDO instead F:\xampp\htdocs\think\ThinkPHP\Lib\Driver\Db\DbMysql.class.php 第 55 行.
SQL: SHOW COLUMNS FROM `think_tags` [ RunTime:0.002574s ]
NOTIC: [8192] preg_replace(): The /e modifier is deprecated, use preg_replace_callback instead F:\xampp\htdocs\think\ThinkPHP\Lib\Core\Db.class.php 第 604 行.
SQL: SELECT * FROM `think_tags` WHERE ( `category_id` = 3 )  [ RunTime:0.000340s ]

[ 2014-12-01T16:58:09+08:00 ] 0.0.0.0 /think/index.php/Quiz/getTagsByCategoryId.html
INFO: [ app_begin ] --START--
INFO: ReadHtmlCache Behavior ::run [ RunTime:0.001049s ]
INFO: [ app_begin ] --END-- [ RunTime:0.001137s ]
NOTIC: [8192] mysql_connect(): The mysql extension is deprecated and will be removed in the future: use mysqli or PDO instead F:\xampp\htdocs\think\ThinkPHP\Lib\Driver\Db\DbMysql.class.php 第 55 行.
SQL: SHOW COLUMNS FROM `think_tags` [ RunTime:0.002875s ]
NOTIC: [8192] preg_replace(): The /e modifier is deprecated, use preg_replace_callback instead F:\xampp\htdocs\think\ThinkPHP\Lib\Core\Db.class.php 第 604 行.
SQL: SELECT * FROM `think_tags` WHERE ( `category_id` = 1 )  [ RunTime:0.000349s ]

[ 2014-12-01T18:03:14+08:00 ] 0.0.0.0 /think/index.php/Quiz/getTagsByCategoryId.html
INFO: [ app_begin ] --START--
INFO: ReadHtmlCache Behavior ::run [ RunTime:0.000648s ]
INFO: [ app_begin ] --END-- [ RunTime:0.000718s ]
NOTIC: [8192] mysql_connect(): The mysql extension is deprecated and will be removed in the future: use mysqli or PDO instead F:\xampp\htdocs\think\ThinkPHP\Lib\Driver\Db\DbMysql.class.php 第 55 行.
SQL: SHOW COLUMNS FROM `think_tags` [ RunTime:0.002331s ]
NOTIC: [8192] preg_replace(): The /e modifier is deprecated, use preg_replace_callback instead F:\xampp\htdocs\think\ThinkPHP\Lib\Core\Db.class.php 第 604 行.
SQL: SELECT * FROM `think_tags` WHERE ( `category_id` = 2 )  [ RunTime:0.000382s ]

[ 2014-12-01T18:03:22+08:00 ] 0.0.0.0 /think/index.php/Quiz/getTagsByCategoryId.html
INFO: [ app_begin ] --START--
INFO: ReadHtmlCache Behavior ::run [ RunTime:0.000474s ]
INFO: [ app_begin ] --END-- [ RunTime:0.000529s ]
NOTIC: [8192] mysql_connect(): The mysql extension is deprecated and will be removed in the future: use mysqli or PDO instead F:\xampp\htdocs\think\ThinkPHP\Lib\Driver\Db\DbMysql.class.php 第 55 行.
SQL: SHOW COLUMNS FROM `think_tags` [ RunTime:0.002277s ]
NOTIC: [8192] preg_replace(): The /e modifier is deprecated, use preg_replace_callback instead F:\xampp\htdocs\think\ThinkPHP\Lib\Core\Db.class.php 第 604 行.
SQL: SELECT * FROM `think_tags` WHERE ( `category_id` = 1 )  [ RunTime:0.000356s ]

[ 2014-12-01T21:41:00+08:00 ] 0.0.0.0 /think/index.php/Login/checkVerify.html
INFO: [ app_begin ] --START--
INFO: ReadHtmlCache Behavior ::run [ RunTime:0.000714s ]
INFO: [ app_begin ] --END-- [ RunTime:0.000799s ]

[ 2014-12-01T22:02:48+08:00 ] 0.0.0.0 /think/index.php/Quiz/getTagsByCategoryId.html
INFO: [ app_begin ] --START--
INFO: ReadHtmlCache Behavior ::run [ RunTime:0.002511s ]
INFO: [ app_begin ] --END-- [ RunTime:0.002609s ]
NOTIC: [8192] mysql_connect(): The mysql extension is deprecated and will be removed in the future: use mysqli or PDO instead F:\xampp\htdocs\think\ThinkPHP\Lib\Driver\Db\DbMysql.class.php 第 55 行.
SQL: SHOW COLUMNS FROM `think_tags` [ RunTime:0.018825s ]
NOTIC: [8192] preg_replace(): The /e modifier is deprecated, use preg_replace_callback instead F:\xampp\htdocs\think\ThinkPHP\Lib\Core\Db.class.php 第 604 行.
SQL: SELECT * FROM `think_tags` WHERE ( `category_id` = 2 )  [ RunTime:0.000555s ]

[ 2014-12-01T22:12:59+08:00 ] 0.0.0.0 /think/index.php/Login/checkVerify.html
INFO: [ app_begin ] --START--
INFO: ReadHtmlCache Behavior ::run [ RunTime:0.000629s ]
INFO: [ app_begin ] --END-- [ RunTime:0.000706s ]

[ 2014-12-01T22:31:02+08:00 ] 0.0.0.0 /think/index.php/Quiz/homepage.php
ERR: 非法操作:homepage.php

[ 2014-12-01T22:31:04+08:00 ] 0.0.0.0 /think/index.php/Quiz/homepage.php
ERR: 非法操作:homepage.php

[ 2014-12-01T22:31:29+08:00 ] 0.0.0.0 /think/index.php/Quiz/homepage.php
ERR: 非法操作:homepage.php

[ 2014-12-01T22:32:32+08:00 ] 0.0.0.0 /think/index.php/Quiz/homepage.php
ERR: 非法操作:homepage.php

[ 2014-12-01T22:32:35+08:00 ] 0.0.0.0 /think/index.php/Quiz/homepage.php
ERR: 非法操作:homepage.php

[ 2014-12-01T23:17:12+08:00 ] 0.0.0.0 /think/index.php/Login/checkVerify.html
INFO: [ app_begin ] --START--
INFO: ReadHtmlCache Behavior ::run [ RunTime:0.000938s ]
INFO: [ app_begin ] --END-- [ RunTime:0.000996s ]

[ 2014-12-01T23:18:09+08:00 ] 0.0.0.0 /think/index.php/Login/checkVerify.html
INFO: [ app_begin ] --START--
INFO: ReadHtmlCache Behavior ::run [ RunTime:0.000714s ]
INFO: [ app_begin ] --END-- [ RunTime:0.000774s ]

[ 2014-12-01T23:50:42+08:00 ] 0.0.0.0 /think/index.php/Quiz/getUserCredit.html
INFO: [ app_begin ] --START--
INFO: ReadHtmlCache Behavior ::run [ RunTime:0.000867s ]
INFO: [ app_begin ] --END-- [ RunTime:0.000952s ]
NOTIC: [8192] mysql_connect(): The mysql extension is deprecated and will be removed in the future: use mysqli or PDO instead F:\xampp\htdocs\think\ThinkPHP\Lib\Driver\Db\DbMysql.class.php 第 55 行.
SQL: SHOW COLUMNS FROM `think_personelinfo` [ RunTime:0.002358s ]
NOTIC: [8192] preg_replace(): The /e modifier is deprecated, use preg_replace_callback instead F:\xampp\htdocs\think\ThinkPHP\Lib\Core\Db.class.php 第 604 行.
SQL: SELECT * FROM `think_personelinfo` WHERE ( `user_id` = 1 ) LIMIT 1   [ RunTime:0.000348s ]

[ 2014-12-01T23:50:46+08:00 ] 0.0.0.0 /think/index.php/Quiz/getUserCredit.html
INFO: [ app_begin ] --START--
INFO: ReadHtmlCache Behavior ::run [ RunTime:0.000686s ]
INFO: [ app_begin ] --END-- [ RunTime:0.000747s ]
NOTIC: [8192] mysql_connect(): The mysql extension is deprecated and will be removed in the future: use mysqli or PDO instead F:\xampp\htdocs\think\ThinkPHP\Lib\Driver\Db\DbMysql.class.php 第 55 行.
SQL: SHOW COLUMNS FROM `think_personelinfo` [ RunTime:0.002958s ]
NOTIC: [8192] preg_replace(): The /e modifier is deprecated, use preg_replace_callback instead F:\xampp\htdocs\think\ThinkPHP\Lib\Core\Db.class.php 第 604 行.
SQL: SELECT * FROM `think_personelinfo` WHERE ( `user_id` = 1 ) LIMIT 1   [ RunTime:0.000386s ]

[ 2014-12-01T23:51:21+08:00 ] 0.0.0.0 /think/index.php/Quiz/getUserCredit.html
INFO: [ app_begin ] --START--
INFO: ReadHtmlCache Behavior ::run [ RunTime:0.000643s ]
INFO: [ app_begin ] --END-- [ RunTime:0.000700s ]
NOTIC: [8192] mysql_connect(): The mysql extension is deprecated and will be removed in the future: use mysqli or PDO instead F:\xampp\htdocs\think\ThinkPHP\Lib\Driver\Db\DbMysql.class.php 第 55 行.
SQL: SHOW COLUMNS FROM `think_personelinfo` [ RunTime:0.003768s ]
NOTIC: [8192] preg_replace(): The /e modifier is deprecated, use preg_replace_callback instead F:\xampp\htdocs\think\ThinkPHP\Lib\Core\Db.class.php 第 604 行.
SQL: SELECT * FROM `think_personelinfo` WHERE ( `user_id` = 1 ) LIMIT 1   [ RunTime:0.000469s ]

[ 2014-12-01T23:51:34+08:00 ] 0.0.0.0 /think/index.php/Quiz/getUserCredit.html
INFO: [ app_begin ] --START--
INFO: ReadHtmlCache Behavior ::run [ RunTime:0.001458s ]
INFO: [ app_begin ] --END-- [ RunTime:0.001596s ]
NOTIC: [8192] mysql_connect(): The mysql extension is deprecated and will be removed in the future: use mysqli or PDO instead F:\xampp\htdocs\think\ThinkPHP\Lib\Driver\Db\DbMysql.class.php 第 55 行.
SQL: SHOW COLUMNS FROM `think_personelinfo` [ RunTime:0.002716s ]
NOTIC: [8192] preg_replace(): The /e modifier is deprecated, use preg_replace_callback instead F:\xampp\htdocs\think\ThinkPHP\Lib\Core\Db.class.php 第 604 行.
SQL: SELECT * FROM `think_personelinfo` WHERE ( `user_id` = 1 ) LIMIT 1   [ RunTime:0.000408s ]

[ 2014-12-01T23:51:49+08:00 ] 0.0.0.0 /think/index.php/Quiz/getUserCredit.html
INFO: [ app_begin ] --START--
INFO: ReadHtmlCache Behavior ::run [ RunTime:0.000631s ]
INFO: [ app_begin ] --END-- [ RunTime:0.000687s ]
NOTIC: [8192] mysql_connect(): The mysql extension is deprecated and will be removed in the future: use mysqli or PDO instead F:\xampp\htdocs\think\ThinkPHP\Lib\Driver\Db\DbMysql.class.php 第 55 行.
SQL: SHOW COLUMNS FROM `think_personelinfo` [ RunTime:0.002419s ]
NOTIC: [8192] preg_replace(): The /e modifier is deprecated, use preg_replace_callback instead F:\xampp\htdocs\think\ThinkPHP\Lib\Core\Db.class.php 第 604 行.
SQL: SELECT * FROM `think_personelinfo` WHERE ( `user_id` = 1 ) LIMIT 1   [ RunTime:0.000345s ]

[ 2014-12-01T23:52:07+08:00 ] 0.0.0.0 /think/index.php/Quiz/getUserCredit.html
INFO: [ app_begin ] --START--
INFO: ReadHtmlCache Behavior ::run [ RunTime:0.000661s ]
INFO: [ app_begin ] --END-- [ RunTime:0.000721s ]
NOTIC: [8192] mysql_connect(): The mysql extension is deprecated and will be removed in the future: use mysqli or PDO instead F:\xampp\htdocs\think\ThinkPHP\Lib\Driver\Db\DbMysql.class.php 第 55 行.
SQL: SHOW COLUMNS FROM `think_personelinfo` [ RunTime:0.002735s ]
NOTIC: [8192] preg_replace(): The /e modifier is deprecated, use preg_replace_callback instead F:\xampp\htdocs\think\ThinkPHP\Lib\Core\Db.class.php 第 604 行.
SQL: SELECT * FROM `think_personelinfo` WHERE ( `user_id` = 1 ) LIMIT 1   [ RunTime:0.000553s ]

[ 2014-12-01T23:53:06+08:00 ] 0.0.0.0 /think/index.php/Quiz/getUserCredit.html
INFO: [ app_begin ] --START--
INFO: ReadHtmlCache Behavior ::run [ RunTime:0.001200s ]
INFO: [ app_begin ] --END-- [ RunTime:0.001294s ]
NOTIC: [8192] mysql_connect(): The mysql extension is deprecated and will be removed in the future: use mysqli or PDO instead F:\xampp\htdocs\think\ThinkPHP\Lib\Driver\Db\DbMysql.class.php 第 55 行.
SQL: SHOW COLUMNS FROM `think_personelinfo` [ RunTime:0.002697s ]
NOTIC: [8192] preg_replace(): The /e modifier is deprecated, use preg_replace_callback instead F:\xampp\htdocs\think\ThinkPHP\Lib\Core\Db.class.php 第 604 行.
SQL: SELECT * FROM `think_personelinfo` WHERE ( `user_id` = 1 ) LIMIT 1   [ RunTime:0.000437s ]

[ 2014-12-01T23:53:29+08:00 ] 0.0.0.0 /think/index.php/Quiz/getUserCredit.html
INFO: [ app_begin ] --START--
INFO: ReadHtmlCache Behavior ::run [ RunTime:0.000690s ]
INFO: [ app_begin ] --END-- [ RunTime:0.000774s ]
NOTIC: [8192] mysql_connect(): The mysql extension is deprecated and will be removed in the future: use mysqli or PDO instead F:\xampp\htdocs\think\ThinkPHP\Lib\Driver\Db\DbMysql.class.php 第 55 行.
SQL: SHOW COLUMNS FROM `think_personelinfo` [ RunTime:0.002914s ]
NOTIC: [8192] preg_replace(): The /e modifier is deprecated, use preg_replace_callback instead F:\xampp\htdocs\think\ThinkPHP\Lib\Core\Db.class.php 第 604 行.
SQL: SELECT * FROM `think_personelinfo` WHERE ( `user_id` = 1 ) LIMIT 1   [ RunTime:0.000385s ]

[ 2014-12-01T23:53:52+08:00 ] 0.0.0.0 /think/index.php/Quiz/getUserCredit.html
INFO: [ app_begin ] --START--
INFO: ReadHtmlCache Behavior ::run [ RunTime:0.000807s ]
INFO: [ app_begin ] --END-- [ RunTime:0.000909s ]
NOTIC: [8192] mysql_connect(): The mysql extension is deprecated and will be removed in the future: use mysqli or PDO instead F:\xampp\htdocs\think\ThinkPHP\Lib\Driver\Db\DbMysql.class.php 第 55 行.
SQL: SHOW COLUMNS FROM `think_personelinfo` [ RunTime:0.003089s ]
NOTIC: [8192] preg_replace(): The /e modifier is deprecated, use preg_replace_callback instead F:\xampp\htdocs\think\ThinkPHP\Lib\Core\Db.class.php 第 604 行.
SQL: SELECT * FROM `think_personelinfo` WHERE ( `user_id` = 1 ) LIMIT 1   [ RunTime:0.000495s ]

[ 2014-12-01T23:54:18+08:00 ] 0.0.0.0 /think/index.php/Quiz/getUserCredit.html
INFO: [ app_begin ] --START--
INFO: ReadHtmlCache Behavior ::run [ RunTime:0.001003s ]
INFO: [ app_begin ] --END-- [ RunTime:0.001098s ]
NOTIC: [8192] mysql_connect(): The mysql extension is deprecated and will be removed in the future: use mysqli or PDO instead F:\xampp\htdocs\think\ThinkPHP\Lib\Driver\Db\DbMysql.class.php 第 55 行.
SQL: SHOW COLUMNS FROM `think_personelinfo` [ RunTime:0.002493s ]
NOTIC: [8192] preg_replace(): The /e modifier is deprecated, use preg_replace_callback instead F:\xampp\htdocs\think\ThinkPHP\Lib\Core\Db.class.php 第 604 行.
SQL: SELECT * FROM `think_personelinfo` WHERE ( `user_id` = 1 ) LIMIT 1   [ RunTime:0.000390s ]

[ 2014-12-01T23:54:19+08:00 ] 0.0.0.0 /think/index.php/Quiz/getUserCredit.html
INFO: [ app_begin ] --START--
INFO: ReadHtmlCache Behavior ::run [ RunTime:0.001204s ]
INFO: [ app_begin ] --END-- [ RunTime:0.001326s ]
NOTIC: [8192] mysql_connect(): The mysql extension is deprecated and will be removed in the future: use mysqli or PDO instead F:\xampp\htdocs\think\ThinkPHP\Lib\Driver\Db\DbMysql.class.php 第 55 行.
SQL: SHOW COLUMNS FROM `think_personelinfo` [ RunTime:0.003520s ]
NOTIC: [8192] preg_replace(): The /e modifier is deprecated, use preg_replace_callback instead F:\xampp\htdocs\think\ThinkPHP\Lib\Core\Db.class.php 第 604 行.
SQL: SELECT * FROM `think_personelinfo` WHERE ( `user_id` = 1 ) LIMIT 1   [ RunTime:0.000527s ]

[ 2014-12-01T23:54:22+08:00 ] 0.0.0.0 /think/index.php/Quiz/getUserCredit.html
INFO: [ app_begin ] --START--
INFO: ReadHtmlCache Behavior ::run [ RunTime:0.002388s ]
INFO: [ app_begin ] --END-- [ RunTime:0.002891s ]
NOTIC: [8192] mysql_connect(): The mysql extension is deprecated and will be removed in the future: use mysqli or PDO instead F:\xampp\htdocs\think\ThinkPHP\Lib\Driver\Db\DbMysql.class.php 第 55 行.
SQL: SHOW COLUMNS FROM `think_personelinfo` [ RunTime:0.002570s ]
NOTIC: [8192] preg_replace(): The /e modifier is deprecated, use preg_replace_callback instead F:\xampp\htdocs\think\ThinkPHP\Lib\Core\Db.class.php 第 604 行.
SQL: SELECT * FROM `think_personelinfo` WHERE ( `user_id` = 1 ) LIMIT 1   [ RunTime:0.000369s ]

[ 2014-12-01T23:54:25+08:00 ] 0.0.0.0 /think/index.php/Quiz/getUserCredit.html
INFO: [ app_begin ] --START--
INFO: ReadHtmlCache Behavior ::run [ RunTime:0.000788s ]
INFO: [ app_begin ] --END-- [ RunTime:0.000875s ]
NOTIC: [8192] mysql_connect(): The mysql extension is deprecated and will be removed in the future: use mysqli or PDO instead F:\xampp\htdocs\think\ThinkPHP\Lib\Driver\Db\DbMysql.class.php 第 55 行.
SQL: SHOW COLUMNS FROM `think_personelinfo` [ RunTime:0.002445s ]
NOTIC: [8192] preg_replace(): The /e modifier is deprecated, use preg_replace_callback instead F:\xampp\htdocs\think\ThinkPHP\Lib\Core\Db.class.php 第 604 行.
SQL: SELECT * FROM `think_personelinfo` WHERE ( `user_id` = 1 ) LIMIT 1   [ RunTime:0.000323s ]

[ 2014-12-01T23:54:27+08:00 ] 0.0.0.0 /think/index.php/Quiz/getUserCredit.html
INFO: [ app_begin ] --START--
INFO: ReadHtmlCache Behavior ::run [ RunTime:0.001365s ]
INFO: [ app_begin ] --END-- [ RunTime:0.001551s ]
NOTIC: [8192] mysql_connect(): The mysql extension is deprecated and will be removed in the future: use mysqli or PDO instead F:\xampp\htdocs\think\ThinkPHP\Lib\Driver\Db\DbMysql.class.php 第 55 行.
SQL: SHOW COLUMNS FROM `think_personelinfo` [ RunTime:0.002662s ]
NOTIC: [8192] preg_replace(): The /e modifier is deprecated, use preg_replace_callback instead F:\xampp\htdocs\think\ThinkPHP\Lib\Core\Db.class.php 第 604 行.
SQL: SELECT * FROM `think_personelinfo` WHERE ( `user_id` = 1 ) LIMIT 1   [ RunTime:0.000363s ]

[ 2014-12-01T23:54:49+08:00 ] 0.0.0.0 /think/index.php/Quiz/getUserCredit.html
INFO: [ app_begin ] --START--
INFO: ReadHtmlCache Behavior ::run [ RunTime:0.000638s ]
INFO: [ app_begin ] --END-- [ RunTime:0.000703s ]
NOTIC: [8192] mysql_connect(): The mysql extension is deprecated and will be removed in the future: use mysqli or PDO instead F:\xampp\htdocs\think\ThinkPHP\Lib\Driver\Db\DbMysql.class.php 第 55 行.
SQL: SHOW COLUMNS FROM `think_personelinfo` [ RunTime:0.002507s ]
NOTIC: [8192] preg_replace(): The /e modifier is deprecated, use preg_replace_callback instead F:\xampp\htdocs\think\ThinkPHP\Lib\Core\Db.class.php 第 604 行.
SQL: SELECT * FROM `think_personelinfo` WHERE ( `user_id` = 1 ) LIMIT 1   [ RunTime:0.000354s ]

[ 2014-12-01T23:54:52+08:00 ] 0.0.0.0 /think/index.php/Quiz/getUserCredit.html
INFO: [ app_begin ] --START--
INFO: ReadHtmlCache Behavior ::run [ RunTime:0.000628s ]
INFO: [ app_begin ] --END-- [ RunTime:0.000684s ]
NOTIC: [8192] mysql_connect(): The mysql extension is deprecated and will be removed in the future: use mysqli or PDO instead F:\xampp\htdocs\think\ThinkPHP\Lib\Driver\Db\DbMysql.class.php 第 55 行.
SQL: SHOW COLUMNS FROM `think_personelinfo` [ RunTime:0.002639s ]
NOTIC: [8192] preg_replace(): The /e modifier is deprecated, use preg_replace_callback instead F:\xampp\htdocs\think\ThinkPHP\Lib\Core\Db.class.php 第 604 行.
SQL: SELECT * FROM `think_personelinfo` WHERE ( `user_id` = 1 ) LIMIT 1   [ RunTime:0.000393s ]

[ 2014-12-01T23:54:54+08:00 ] 0.0.0.0 /think/index.php/Quiz/getUserCredit.html
INFO: [ app_begin ] --START--
INFO: ReadHtmlCache Behavior ::run [ RunTime:0.000845s ]
INFO: [ app_begin ] --END-- [ RunTime:0.000922s ]
NOTIC: [8192] mysql_connect(): The mysql extension is deprecated and will be removed in the future: use mysqli or PDO instead F:\xampp\htdocs\think\ThinkPHP\Lib\Driver\Db\DbMysql.class.php 第 55 行.
SQL: SHOW COLUMNS FROM `think_personelinfo` [ RunTime:0.002548s ]
NOTIC: [8192] preg_replace(): The /e modifier is deprecated, use preg_replace_callback instead F:\xampp\htdocs\think\ThinkPHP\Lib\Core\Db.class.php 第 604 行.
SQL: SELECT * FROM `think_personelinfo` WHERE ( `user_id` = 1 ) LIMIT 1   [ RunTime:0.000374s ]

[ 2014-12-01T23:55:51+08:00 ] 0.0.0.0 /think/index.php/Quiz/getUserCredit.html
INFO: [ app_begin ] --START--
INFO: ReadHtmlCache Behavior ::run [ RunTime:0.000768s ]
INFO: [ app_begin ] --END-- [ RunTime:0.000846s ]
NOTIC: [8192] mysql_connect(): The mysql extension is deprecated and will be removed in the future: use mysqli or PDO instead F:\xampp\htdocs\think\ThinkPHP\Lib\Driver\Db\DbMysql.class.php 第 55 行.
SQL: SHOW COLUMNS FROM `think_personelinfo` [ RunTime:0.002744s ]
NOTIC: [8192] preg_replace(): The /e modifier is deprecated, use preg_replace_callback instead F:\xampp\htdocs\think\ThinkPHP\Lib\Core\Db.class.php 第 604 行.
SQL: SELECT * FROM `think_personelinfo` WHERE ( `user_id` = 1 ) LIMIT 1   [ RunTime:0.000418s ]

[ 2014-12-01T23:55:53+08:00 ] 0.0.0.0 /think/index.php/Quiz/getUserCredit.html
INFO: [ app_begin ] --START--
INFO: ReadHtmlCache Behavior ::run [ RunTime:0.001789s ]
INFO: [ app_begin ] --END-- [ RunTime:0.001997s ]
NOTIC: [8192] mysql_connect(): The mysql extension is deprecated and will be removed in the future: use mysqli or PDO instead F:\xampp\htdocs\think\ThinkPHP\Lib\Driver\Db\DbMysql.class.php 第 55 行.
SQL: SHOW COLUMNS FROM `think_personelinfo` [ RunTime:0.004368s ]
NOTIC: [8192] preg_replace(): The /e modifier is deprecated, use preg_replace_callback instead F:\xampp\htdocs\think\ThinkPHP\Lib\Core\Db.class.php 第 604 行.
SQL: SELECT * FROM `think_personelinfo` WHERE ( `user_id` = 1 ) LIMIT 1   [ RunTime:0.000419s ]

[ 2014-12-01T23:56:07+08:00 ] 0.0.0.0 /think/index.php/Quiz/getUserCredit.html
INFO: [ app_begin ] --START--
INFO: ReadHtmlCache Behavior ::run [ RunTime:0.000911s ]
INFO: [ app_begin ] --END-- [ RunTime:0.001066s ]
NOTIC: [8192] mysql_connect(): The mysql extension is deprecated and will be removed in the future: use mysqli or PDO instead F:\xampp\htdocs\think\ThinkPHP\Lib\Driver\Db\DbMysql.class.php 第 55 行.
SQL: SHOW COLUMNS FROM `think_personelinfo` [ RunTime:0.004249s ]
NOTIC: [8192] preg_replace(): The /e modifier is deprecated, use preg_replace_callback instead F:\xampp\htdocs\think\ThinkPHP\Lib\Core\Db.class.php 第 604 行.
SQL: SELECT * FROM `think_personelinfo` WHERE ( `user_id` = 1 ) LIMIT 1   [ RunTime:0.000406s ]

[ 2014-12-01T23:56:35+08:00 ] 0.0.0.0 /think/index.php/Quiz/getUserCredit.html
INFO: [ app_begin ] --START--
INFO: ReadHtmlCache Behavior ::run [ RunTime:0.000663s ]
INFO: [ app_begin ] --END-- [ RunTime:0.000718s ]
NOTIC: [8192] mysql_connect(): The mysql extension is deprecated and will be removed in the future: use mysqli or PDO instead F:\xampp\htdocs\think\ThinkPHP\Lib\Driver\Db\DbMysql.class.php 第 55 行.
SQL: SHOW COLUMNS FROM `think_personelinfo` [ RunTime:0.002675s ]
NOTIC: [8192] preg_replace(): The /e modifier is deprecated, use preg_replace_callback instead F:\xampp\htdocs\think\ThinkPHP\Lib\Core\Db.class.php 第 604 行.
SQL: SELECT * FROM `think_personelinfo` WHERE ( `user_id` = 1 ) LIMIT 1   [ RunTime:0.000353s ]

[ 2014-12-01T23:56:47+08:00 ] 0.0.0.0 /think/index.php/Quiz/getUserCredit.html
INFO: [ app_begin ] --START--
INFO: ReadHtmlCache Behavior ::run [ RunTime:0.001144s ]
INFO: [ app_begin ] --END-- [ RunTime:0.001255s ]
NOTIC: [8192] mysql_connect(): The mysql extension is deprecated and will be removed in the future: use mysqli or PDO instead F:\xampp\htdocs\think\ThinkPHP\Lib\Driver\Db\DbMysql.class.php 第 55 行.
SQL: SHOW COLUMNS FROM `think_personelinfo` [ RunTime:0.002931s ]
NOTIC: [8192] preg_replace(): The /e modifier is deprecated, use preg_replace_callback instead F:\xampp\htdocs\think\ThinkPHP\Lib\Core\Db.class.php 第 604 行.
SQL: SELECT * FROM `think_personelinfo` WHERE ( `user_id` = 1 ) LIMIT 1   [ RunTime:0.000403s ]

